<?xml version="1.0" encoding="UTF-8"?>
<!-- Generated by org.testng.reporters.JUnitReportReporter -->
<testsuite hostname="TVLLAP29" failures="0" tests="1" name="Pages.LoginPage" time="11.332" errors="0" timestamp="2024-08-20T15:11:57 BDT" skipped="0">
  <testcase classname="Pages.LoginPage" name="loginPages" time="11.332"/>
</testsuite> <!-- Pages.LoginPage -->
