<?xml version="1.0" encoding="UTF-8"?>
<!-- Generated by org.testng.reporters.JUnitReportReporter -->
<testsuite hostname="TVLLAP29" failures="0" tests="1" name="Pages.LoginPage" time="9.555" errors="0" timestamp="2024-08-18T15:01:55 BDT" skipped="0">
  <testcase classname="Pages.LoginPage" name="loginPages" time="9.555"/>
</testsuite> <!-- Pages.LoginPage -->
